Determining if the pthread_create exist failed with the following output:
Change Dir: /home/rosindustrial/khi_ws/build/khi_rs080n_moveit_config/CMakeFiles/CMakeTmp

Run Build Command:"/usr/bin/make" "cmTC_c98c1/fast"
/usr/bin/make -f CMakeFiles/cmTC_c98c1.dir/build.make CMakeFiles/cmTC_c98c1.dir/build
make[1]: Entering directory '/home/rosindustrial/khi_ws/build/khi_rs080n_moveit_config/CMakeFiles/CMakeTmp'
Building C object CMakeFiles/cmTC_c98c1.dir/CheckSymbolExists.c.o
/usr/bin/cc     -o CMakeFiles/cmTC_c98c1.dir/CheckSymbolExists.c.o   -c /home/rosindustrial/khi_ws/build/khi_rs080n_moveit_config/CMakeFiles/CMakeTmp/CheckSymbolExists.c
Linking C executable cmTC_c98c1
/usr/bin/cmake -E cmake_link_script CMakeFiles/cmTC_c98c1.dir/link.txt --verbose=1
/usr/bin/cc       CMakeFiles/cmTC_c98c1.dir/CheckSymbolExists.c.o  -o cmTC_c98c1 -rdynamic 
CMakeFiles/cmTC_c98c1.dir/CheckSymbolExists.c.o: In function `main':
CheckSymbolExists.c:(.text+0x16): undefined reference to `pthread_create'
collect2: error: ld returned 1 exit status
CMakeFiles/cmTC_c98c1.dir/build.make:97: recipe for target 'cmTC_c98c1' failed
make[1]: *** [cmTC_c98c1] Error 1
make[1]: Leaving directory '/home/rosindustrial/khi_ws/build/khi_rs080n_moveit_config/CMakeFiles/CMakeTmp'
Makefile:126: recipe for target 'cmTC_c98c1/fast' failed
make: *** [cmTC_c98c1/fast] Error 2

File /home/rosindustrial/khi_ws/build/khi_rs080n_moveit_config/CMakeFiles/CMakeTmp/CheckSymbolExists.c:
/* */
#include <pthread.h>

int main(int argc, char** argv)
{
  (void)argv;
#ifndef pthread_create
  return ((int*)(&pthread_create))[argc];
#else
  (void)argc;
  return 0;
#endif
}

Determining if the function pthread_create exists in the pthreads failed with the following output:
Change Dir: /home/rosindustrial/khi_ws/build/khi_rs080n_moveit_config/CMakeFiles/CMakeTmp

Run Build Command:"/usr/bin/make" "cmTC_97f92/fast"
/usr/bin/make -f CMakeFiles/cmTC_97f92.dir/build.make CMakeFiles/cmTC_97f92.dir/build
make[1]: Entering directory '/home/rosindustrial/khi_ws/build/khi_rs080n_moveit_config/CMakeFiles/CMakeTmp'
Building C object CMakeFiles/cmTC_97f92.dir/CheckFunctionExists.c.o
/usr/bin/cc    -DCHECK_FUNCTION_EXISTS=pthread_create   -o CMakeFiles/cmTC_97f92.dir/CheckFunctionExists.c.o   -c /usr/share/cmake-3.5/Modules/CheckFunctionExists.c
Linking C executable cmTC_97f92
/usr/bin/cmake -E cmake_link_script CMakeFiles/cmTC_97f92.dir/link.txt --verbose=1
/usr/bin/cc   -DCHECK_FUNCTION_EXISTS=pthread_create    CMakeFiles/cmTC_97f92.dir/CheckFunctionExists.c.o  -o cmTC_97f92 -rdynamic -lpthreads 
/usr/bin/ld: cannot find -lpthreads
collect2: error: ld returned 1 exit status
CMakeFiles/cmTC_97f92.dir/build.make:97: recipe for target 'cmTC_97f92' failed
make[1]: *** [cmTC_97f92] Error 1
make[1]: Leaving directory '/home/rosindustrial/khi_ws/build/khi_rs080n_moveit_config/CMakeFiles/CMakeTmp'
Makefile:126: recipe for target 'cmTC_97f92/fast' failed
make: *** [cmTC_97f92/fast] Error 2


