Determining if the pthread_create exist failed with the following output:
Change Dir: /home/dan/khi_ws/build/khi_rs_gazebo/CMakeFiles/CMakeTmp

Run Build Command:"/usr/bin/make" "cmTC_37755/fast"
/usr/bin/make -f CMakeFiles/cmTC_37755.dir/build.make CMakeFiles/cmTC_37755.dir/build
make[1]: Entering directory '/home/dan/khi_ws/build/khi_rs_gazebo/CMakeFiles/CMakeTmp'
Building C object CMakeFiles/cmTC_37755.dir/CheckSymbolExists.c.o
/usr/bin/cc     -o CMakeFiles/cmTC_37755.dir/CheckSymbolExists.c.o   -c /home/dan/khi_ws/build/khi_rs_gazebo/CMakeFiles/CMakeTmp/CheckSymbolExists.c
Linking C executable cmTC_37755
/usr/bin/cmake -E cmake_link_script CMakeFiles/cmTC_37755.dir/link.txt --verbose=1
/usr/bin/cc       CMakeFiles/cmTC_37755.dir/CheckSymbolExists.c.o  -o cmTC_37755 -rdynamic 
CMakeFiles/cmTC_37755.dir/CheckSymbolExists.c.o: In function `main':
CheckSymbolExists.c:(.text+0x16): undefined reference to `pthread_create'
collect2: error: ld returned 1 exit status
CMakeFiles/cmTC_37755.dir/build.make:97: recipe for target 'cmTC_37755' failed
make[1]: *** [cmTC_37755] Error 1
make[1]: Leaving directory '/home/dan/khi_ws/build/khi_rs_gazebo/CMakeFiles/CMakeTmp'
Makefile:126: recipe for target 'cmTC_37755/fast' failed
make: *** [cmTC_37755/fast] Error 2

File /home/dan/khi_ws/build/khi_rs_gazebo/CMakeFiles/CMakeTmp/CheckSymbolExists.c:
/* */
#include <pthread.h>

int main(int argc, char** argv)
{
  (void)argv;
#ifndef pthread_create
  return ((int*)(&pthread_create))[argc];
#else
  (void)argc;
  return 0;
#endif
}

Determining if the function pthread_create exists in the pthreads failed with the following output:
Change Dir: /home/dan/khi_ws/build/khi_rs_gazebo/CMakeFiles/CMakeTmp

Run Build Command:"/usr/bin/make" "cmTC_2513f/fast"
/usr/bin/make -f CMakeFiles/cmTC_2513f.dir/build.make CMakeFiles/cmTC_2513f.dir/build
make[1]: Entering directory '/home/dan/khi_ws/build/khi_rs_gazebo/CMakeFiles/CMakeTmp'
Building C object CMakeFiles/cmTC_2513f.dir/CheckFunctionExists.c.o
/usr/bin/cc    -DCHECK_FUNCTION_EXISTS=pthread_create   -o CMakeFiles/cmTC_2513f.dir/CheckFunctionExists.c.o   -c /usr/share/cmake-3.5/Modules/CheckFunctionExists.c
Linking C executable cmTC_2513f
/usr/bin/cmake -E cmake_link_script CMakeFiles/cmTC_2513f.dir/link.txt --verbose=1
/usr/bin/cc   -DCHECK_FUNCTION_EXISTS=pthread_create    CMakeFiles/cmTC_2513f.dir/CheckFunctionExists.c.o  -o cmTC_2513f -rdynamic -lpthreads 
/usr/bin/ld: cannot find -lpthreads
collect2: error: ld returned 1 exit status
CMakeFiles/cmTC_2513f.dir/build.make:97: recipe for target 'cmTC_2513f' failed
make[1]: *** [cmTC_2513f] Error 1
make[1]: Leaving directory '/home/dan/khi_ws/build/khi_rs_gazebo/CMakeFiles/CMakeTmp'
Makefile:126: recipe for target 'cmTC_2513f/fast' failed
make: *** [cmTC_2513f/fast] Error 2


