Determining if the pthread_create exist failed with the following output:
Change Dir: /home/rosindustrial/khi_ws/build/khi_duaro_ikfast_plugin/CMakeFiles/CMakeTmp

Run Build Command:"/usr/bin/make" "cmTC_809f3/fast"
/usr/bin/make -f CMakeFiles/cmTC_809f3.dir/build.make CMakeFiles/cmTC_809f3.dir/build
make[1]: Entering directory '/home/rosindustrial/khi_ws/build/khi_duaro_ikfast_plugin/CMakeFiles/CMakeTmp'
Building C object CMakeFiles/cmTC_809f3.dir/CheckSymbolExists.c.o
/usr/bin/cc     -o CMakeFiles/cmTC_809f3.dir/CheckSymbolExists.c.o   -c /home/rosindustrial/khi_ws/build/khi_duaro_ikfast_plugin/CMakeFiles/CMakeTmp/CheckSymbolExists.c
Linking C executable cmTC_809f3
/usr/bin/cmake -E cmake_link_script CMakeFiles/cmTC_809f3.dir/link.txt --verbose=1
/usr/bin/cc       CMakeFiles/cmTC_809f3.dir/CheckSymbolExists.c.o  -o cmTC_809f3 -rdynamic 
CMakeFiles/cmTC_809f3.dir/CheckSymbolExists.c.o: In function `main':
CheckSymbolExists.c:(.text+0x16): undefined reference to `pthread_create'
collect2: error: ld returned 1 exit status
CMakeFiles/cmTC_809f3.dir/build.make:97: recipe for target 'cmTC_809f3' failed
make[1]: *** [cmTC_809f3] Error 1
make[1]: Leaving directory '/home/rosindustrial/khi_ws/build/khi_duaro_ikfast_plugin/CMakeFiles/CMakeTmp'
Makefile:126: recipe for target 'cmTC_809f3/fast' failed
make: *** [cmTC_809f3/fast] Error 2

File /home/rosindustrial/khi_ws/build/khi_duaro_ikfast_plugin/CMakeFiles/CMakeTmp/CheckSymbolExists.c:
/* */
#include <pthread.h>

int main(int argc, char** argv)
{
  (void)argv;
#ifndef pthread_create
  return ((int*)(&pthread_create))[argc];
#else
  (void)argc;
  return 0;
#endif
}

Determining if the function pthread_create exists in the pthreads failed with the following output:
Change Dir: /home/rosindustrial/khi_ws/build/khi_duaro_ikfast_plugin/CMakeFiles/CMakeTmp

Run Build Command:"/usr/bin/make" "cmTC_b007b/fast"
/usr/bin/make -f CMakeFiles/cmTC_b007b.dir/build.make CMakeFiles/cmTC_b007b.dir/build
make[1]: Entering directory '/home/rosindustrial/khi_ws/build/khi_duaro_ikfast_plugin/CMakeFiles/CMakeTmp'
Building C object CMakeFiles/cmTC_b007b.dir/CheckFunctionExists.c.o
/usr/bin/cc    -DCHECK_FUNCTION_EXISTS=pthread_create   -o CMakeFiles/cmTC_b007b.dir/CheckFunctionExists.c.o   -c /usr/share/cmake-3.5/Modules/CheckFunctionExists.c
Linking C executable cmTC_b007b
/usr/bin/cmake -E cmake_link_script CMakeFiles/cmTC_b007b.dir/link.txt --verbose=1
/usr/bin/cc   -DCHECK_FUNCTION_EXISTS=pthread_create    CMakeFiles/cmTC_b007b.dir/CheckFunctionExists.c.o  -o cmTC_b007b -rdynamic -lpthreads 
/usr/bin/ld: cannot find -lpthreads
collect2: error: ld returned 1 exit status
CMakeFiles/cmTC_b007b.dir/build.make:97: recipe for target 'cmTC_b007b' failed
make[1]: *** [cmTC_b007b] Error 1
make[1]: Leaving directory '/home/rosindustrial/khi_ws/build/khi_duaro_ikfast_plugin/CMakeFiles/CMakeTmp'
Makefile:126: recipe for target 'cmTC_b007b/fast' failed
make: *** [cmTC_b007b/fast] Error 2


