Determining if the pthread_create exist failed with the following output:
Change Dir: /home/rosindustrial/khi_ws/build/khi_duaro_gazebo/CMakeFiles/CMakeTmp

Run Build Command:"/usr/bin/make" "cmTC_f42ed/fast"
/usr/bin/make -f CMakeFiles/cmTC_f42ed.dir/build.make CMakeFiles/cmTC_f42ed.dir/build
make[1]: Entering directory '/home/rosindustrial/khi_ws/build/khi_duaro_gazebo/CMakeFiles/CMakeTmp'
Building C object CMakeFiles/cmTC_f42ed.dir/CheckSymbolExists.c.o
/usr/bin/cc     -o CMakeFiles/cmTC_f42ed.dir/CheckSymbolExists.c.o   -c /home/rosindustrial/khi_ws/build/khi_duaro_gazebo/CMakeFiles/CMakeTmp/CheckSymbolExists.c
Linking C executable cmTC_f42ed
/usr/bin/cmake -E cmake_link_script CMakeFiles/cmTC_f42ed.dir/link.txt --verbose=1
/usr/bin/cc       CMakeFiles/cmTC_f42ed.dir/CheckSymbolExists.c.o  -o cmTC_f42ed -rdynamic 
CMakeFiles/cmTC_f42ed.dir/CheckSymbolExists.c.o: In function `main':
CheckSymbolExists.c:(.text+0x16): undefined reference to `pthread_create'
collect2: error: ld returned 1 exit status
CMakeFiles/cmTC_f42ed.dir/build.make:97: recipe for target 'cmTC_f42ed' failed
make[1]: *** [cmTC_f42ed] Error 1
make[1]: Leaving directory '/home/rosindustrial/khi_ws/build/khi_duaro_gazebo/CMakeFiles/CMakeTmp'
Makefile:126: recipe for target 'cmTC_f42ed/fast' failed
make: *** [cmTC_f42ed/fast] Error 2

File /home/rosindustrial/khi_ws/build/khi_duaro_gazebo/CMakeFiles/CMakeTmp/CheckSymbolExists.c:
/* */
#include <pthread.h>

int main(int argc, char** argv)
{
  (void)argv;
#ifndef pthread_create
  return ((int*)(&pthread_create))[argc];
#else
  (void)argc;
  return 0;
#endif
}

Determining if the function pthread_create exists in the pthreads failed with the following output:
Change Dir: /home/rosindustrial/khi_ws/build/khi_duaro_gazebo/CMakeFiles/CMakeTmp

Run Build Command:"/usr/bin/make" "cmTC_83034/fast"
/usr/bin/make -f CMakeFiles/cmTC_83034.dir/build.make CMakeFiles/cmTC_83034.dir/build
make[1]: Entering directory '/home/rosindustrial/khi_ws/build/khi_duaro_gazebo/CMakeFiles/CMakeTmp'
Building C object CMakeFiles/cmTC_83034.dir/CheckFunctionExists.c.o
/usr/bin/cc    -DCHECK_FUNCTION_EXISTS=pthread_create   -o CMakeFiles/cmTC_83034.dir/CheckFunctionExists.c.o   -c /usr/share/cmake-3.5/Modules/CheckFunctionExists.c
Linking C executable cmTC_83034
/usr/bin/cmake -E cmake_link_script CMakeFiles/cmTC_83034.dir/link.txt --verbose=1
/usr/bin/cc   -DCHECK_FUNCTION_EXISTS=pthread_create    CMakeFiles/cmTC_83034.dir/CheckFunctionExists.c.o  -o cmTC_83034 -rdynamic -lpthreads 
/usr/bin/ld: cannot find -lpthreads
collect2: error: ld returned 1 exit status
CMakeFiles/cmTC_83034.dir/build.make:97: recipe for target 'cmTC_83034' failed
make[1]: *** [cmTC_83034] Error 1
make[1]: Leaving directory '/home/rosindustrial/khi_ws/build/khi_duaro_gazebo/CMakeFiles/CMakeTmp'
Makefile:126: recipe for target 'cmTC_83034/fast' failed
make: *** [cmTC_83034/fast] Error 2


